<?xml version="1.0" encoding="UTF-8"?>
<testng-results skipped="0" failed="0" ignored="0" total="1" passed="1">
  <reporter-output>
  </reporter-output>
  <suite name="Default suite" duration-ms="361584" started-at="2020-11-30T13:42:21 IST" finished-at="2020-11-30T13:48:23 IST">
    <groups>
    </groups>
    <test name="Default test" duration-ms="361584" started-at="2020-11-30T13:42:21 IST" finished-at="2020-11-30T13:48:23 IST">
      <class name="test.MainActivity">
        <test-method status="PASS" signature="Before()[pri:0, instance:test.MainActivity@7a187f14]" name="Before" is-config="true" duration-ms="70346" started-at="2020-11-30T13:42:21 IST" finished-at="2020-11-30T13:43:32 IST">
          <reporter-output>
          </reporter-output>
        </test-method> <!-- Before -->
        <test-method status="PASS" signature="amazonTest()[pri:0, instance:test.MainActivity@7a187f14]" name="amazonTest" duration-ms="284134" started-at="2020-11-30T13:43:32 IST" finished-at="2020-11-30T13:48:16 IST">
          <reporter-output>
          </reporter-output>
        </test-method> <!-- amazonTest -->
        <test-method status="PASS" signature="getResult(org.testng.ITestResult)[pri:0, instance:test.MainActivity@7a187f14]" name="getResult" is-config="true" duration-ms="5" started-at="2020-11-30T13:48:16 IST" finished-at="2020-11-30T13:48:16 IST">
          <params>
            <param index="0">
              <value>
                <![CDATA[[TestResult name=amazonTest status=SUCCESS method=MainActivity.amazonTest()[pri:0, instance:test.MainActivity@7a187f14] output={null}]]]>
              </value>
            </param>
          </params>
          <reporter-output>
          </reporter-output>
        </test-method> <!-- getResult -->
        <test-method status="PASS" signature="After()[pri:0, instance:test.MainActivity@7a187f14]" name="After" is-config="true" duration-ms="6932" started-at="2020-11-30T13:48:16 IST" finished-at="2020-11-30T13:48:23 IST">
          <reporter-output>
          </reporter-output>
        </test-method> <!-- After -->
      </class> <!-- test.MainActivity -->
    </test> <!-- Default test -->
  </suite> <!-- Default suite -->
</testng-results>
